0
0
1
1 / x
cos(x)
-sin(x)
1 / cos(x) ** 2
-1 / sin(x) ** 2
1 / (1 + x ** 2)
1 / (1 - x ** 2) ** (0.5)
sin(x) / x + ln(x) * cos(x)
2 * x
3 * x ** 2
ln(2) * 2 ** x
x ** x * (ln(x) + 1)
3 * x ** 2 + 12 * x + 11
(sin(x) / (1 + x ** 2) - cos(x) * arctg(x)) / sin(x) ** 2
sin(1) * (cos(x) - cos(1)) / (((1 - cos(1) * cos(x)) ** 2 - (sin(1) * sin(x)) ** 2) ** 0.5 * (1 - cos(1) * cos(x)))
ln(2) / 2 * (2 ** (x / 2) - 1) / (2 ** x + 1)
-(5 * x ** 2 + 4 * x - 3) / (x ** 2 + x + 1) ** 2 + (2 / (x - 1) - (2 * x + 1) / (x ** 2 + x + 1)) / 3 + 48 / (9 + (2 * x + 1) ** 2)
(ln((x ** 2 + 4) ** 0.5 - (x ** 2 - 4) ** 0.5)) ** tg(x ** 2 + ln(2 * x)) * ((2 * x + 1 / x) * ln(ln((x ** 2 + 4) ** 0.5 - (x ** 2 - 4) ** 0.5)) / cos(x ** 2 + ln(2 * x)) ** 2 - x * tg(x ** 2 + ln(2 * x)) / ln((x ** 2 + 4) ** 0.5 - (x ** 2 - 4) ** 0.5) / (x ** 4 - 16) ** 0.5)